[2021-04-11 08:04:50] production.ERROR: Undefined variable $toStart (View: /home/schallergergo/szakdolgozat.schallergergo.hu/info/resources/views/event/show.blade.php) {"view":{"view":"/home/schallergergo/szakdolgozat.schallergergo.hu/info/resources/views//event/show.blade.php","data":{"errors":"<pre class=sf-dump id=sf-dump-716707053 data-indent-pad=\"  \"><span class=sf-dump-note>Illuminate\\Support\\ViewErrorBag</span> {<a class=sf-dump-ref>#357</a><samp data-depth=1 class=sf-dump-expanded>
  #<span class=sf-dump-protected title=\"Protected property\">bags</span>: []
</samp>}
</pre><script>Sfdump(\"sf-dump-716707053\", {\"maxDepth\":3,\"maxStringLength\":160})</script>
","event":"<pre class=sf-dump id=sf-dump-193215085 data-indent-pad=\"  \"><span class=sf-dump-note>App\\Models\\Event</span> {<a class=sf-dump-ref>#1089</a><samp data-depth=1 class=sf-dump-expanded>
  #<span class=sf-dump-protected title=\"Protected property\">connection</span>: \"<span class=sf-dump-str title=\"5 characters\">mysql</span>\"
  #<span class=sf-dump-protected title=\"Protected property\">table</span>: \"<span class=sf-dump-str title=\"6 characters\">events</span>\"
  #<span class=sf-dump-protected title=\"Protected property\">primaryKey</span>: \"<span class=sf-dump-str title=\"2 characters\">id</span>\"
  #<span class=sf-dump-protected title=\"Protected property\">keyType</span>: \"<span class=sf-dump-str title=\"3 characters\">int</span>\"
  +<span class=sf-dump-public title=\"Public property\">incrementing</span>: <span class=sf-dump-const>true</span>
  #<span class=sf-dump-protected title=\"Protected property\">with</span>: []
  #<span class=sf-dump-protected title=\"Protected property\">withCount</span>: []
  #<span class=sf-dump-protected title=\"Protected property\">perPage</span>: <span class=sf-dump-num>15</span>
  +<span class=sf-dump-public title=\"Public property\">exists</span>: <span class=sf-dump-const>true</span>
  +<span class=sf-dump-public title=\"Public property\">wasRecentlyCreated</span>: <span class=sf-dump-const>false</span>
  #<span class=sf-dump-protected title=\"Protected property\">attributes</span>: <span class=sf-dump-note>array:13</span> [<samp data-depth=2 class=sf-dump-compact>
    \"<span class=sf-dump-key>id</span>\" => <span class=sf-dump-num>3</span>
    \"<span class=sf-dump-key>versenynev</span>\" => \"<span class=sf-dump-str title=\"12 characters\">Mikul&aacute;s kupa</span>\"
    \"<span class=sf-dump-key>helyszin</span>\" => \"<span class=sf-dump-str title=\"8 characters\">Kaposv&aacute;r</span>\"
    \"<span class=sf-dump-key>datum</span>\" => \"<span class=sf-dump-str title=\"10 characters\">2020-12-06</span>\"
    \"<span class=sf-dump-key>versenyszamnev</span>\" => \"<span class=sf-dump-str title=\"23 characters\">El&#337;kezd&#337; 2. versenysz&aacute;m</span>\"
    \"<span class=sf-dump-key>program_id</span>\" => <span class=sf-dump-num>2</span>
    \"<span class=sf-dump-key>iroda</span>\" => <span class=sf-dump-num>4</span>
    \"<span class=sf-dump-key>irnok</span>\" => <span class=sf-dump-num>2</span>
    \"<span class=sf-dump-key>biro</span>\" => \"<span class=sf-dump-str title=\"13 characters\">Vincze Zolt&aacute;n</span>\"
    \"<span class=sf-dump-key>pozicio</span>\" => \"<span class=sf-dump-str>C</span>\"
    \"<span class=sf-dump-key>aktiv</span>\" => <span class=sf-dump-num>1</span>
    \"<span class=sf-dump-key>created_at</span>\" => \"<span class=sf-dump-str title=\"19 characters\">2020-12-06 00:31:08</span>\"
    \"<span class=sf-dump-key>updated_at</span>\" => \"<span class=sf-dump-str title=\"19 characters\">2020-12-06 00:31:08</span>\"
  </samp>]
  #<span class=sf-dump-protected title=\"Protected property\">original</span>: <span class=sf-dump-note>array:13</span> [<samp data-depth=2 class=sf-dump-compact>
    \"<span class=sf-dump-key>id</span>\" => <span class=sf-dump-num>3</span>
    \"<span class=sf-dump-key>versenynev</span>\" => \"<span class=sf-dump-str title=\"12 characters\">Mikul&aacute;s kupa</span>\"
    \"<span class=sf-dump-key>helyszin</span>\" => \"<span class=sf-dump-str title=\"8 characters\">Kaposv&aacute;r</span>\"
    \"<span class=sf-dump-key>datum</span>\" => \"<span class=sf-dump-str title=\"10 characters\">2020-12-06</span>\"
    \"<span class=sf-dump-key>versenyszamnev</span>\" => \"<span class=sf-dump-str title=\"23 characters\">El&#337;kezd&#337; 2. versenysz&aacute;m</span>\"
    \"<span class=sf-dump-key>program_id</span>\" => <span class=sf-dump-num>2</span>
    \"<span class=sf-dump-key>iroda</span>\" => <span class=sf-dump-num>4</span>
    \"<span class=sf-dump-key>irnok</span>\" => <span class=sf-dump-num>2</span>
    \"<span class=sf-dump-key>biro</span>\" => \"<span class=sf-dump-str title=\"13 characters\">Vincze Zolt&aacute;n</span>\"
    \"<span class=sf-dump-key>pozicio</span>\" => \"<span class=sf-dump-str>C</span>\"
    \"<span class=sf-dump-key>aktiv</span>\" => <span class=sf-dump-num>1</span>
    \"<span class=sf-dump-key>created_at</span>\" => \"<span class=sf-dump-str title=\"19 characters\">2020-12-06 00:31:08</span>\"
    \"<span class=sf-dump-key>updated_at</span>\" => \"<span class=sf-dump-str title=\"19 characters\">2020-12-06 00:31:08</span>\"
  </samp>]
  #<span class=sf-dump-protected title=\"Protected property\">changes</span>: []
  #<span class=sf-dump-protected title=\"Protected property\">casts</span>: []
  #<span class=sf-dump-protected title=\"Protected property\">classCastCache</span>: []
  #<span class=sf-dump-protected title=\"Protected property\">dates</span>: []
  #<span class=sf-dump-protected title=\"Protected property\">dateFormat</span>: <span class=sf-dump-const>null</span>
  #<span class=sf-dump-protected title=\"Protected property\">appends</span>: []
  #<span class=sf-dump-protected title=\"Protected property\">dispatchesEvents</span>: []
  #<span class=sf-dump-protected title=\"Protected property\">observables</span>: []
  #<span class=sf-dump-protected title=\"Protected property\">relations</span>: []
  #<span class=sf-dump-protected title=\"Protected property\">touches</span>: []
  +<span class=sf-dump-public title=\"Public property\">timestamps</span>: <span class=sf-dump-const>true</span>
  #<span class=sf-dump-protected title=\"Protected property\">hidden</span>: []
  #<span class=sf-dump-protected title=\"Protected property\">visible</span>: []
  #<span class=sf-dump-protected title=\"Protected property\">fillable</span>: []
  #<span class=sf-dump-protected title=\"Protected property\">guarded</span>: <span class=sf-dump-note>array:1</span> [<samp data-depth=2 class=sf-dump-compact>
    <span class=sf-dump-index>0</span> => \"<span class=sf-dump-str>*</span>\"
  </samp>]
</samp>}
</pre><script>Sfdump(\"sf-dump-193215085\", {\"maxDepth\":3,\"maxStringLength\":160})</script>
"}},"userId":2,"exception":"[object] (Facade\\Ignition\\Exceptions\\ViewException(code: 0): Undefined variable $toStart (View: /home/schallergergo/szakdolgozat.schallergergo.hu/info/resources/views/event/show.blade.php) at /home/schallergergo/szakdolgozat.schallergergo.hu/info/resources/views//event/show.blade.php:19)
[stacktrace]
#0 /home/schallergergo/szakdolgozat.schallergergo.hu/info/resources/views//event/show.blade.php(19): Illuminate\\Foundation\\Bootstrap\\HandleExceptions->handleError()
#1 /home/schallergergo/szakdolgozat.schallergergo.hu/info/vendor/laravel/framework/src/Illuminate/Filesystem/Filesystem.php(107): require('/home/schallerg...')
#2 /home/schallergergo/szakdolgozat.schallergergo.hu/info/vendor/laravel/framework/src/Illuminate/Filesystem/Filesystem.php(108): Illuminate\\Filesystem\\Filesystem::Illuminate\\Filesystem\\{closure}()
#3 /home/schallergergo/szakdolgozat.schallergergo.hu/info/vendor/laravel/framework/src/Illuminate/View/Engines/PhpEngine.php(58): Illuminate\\Filesystem\\Filesystem->getRequire()
#4 /home/schallergergo/szakdolgozat.schallergergo.hu/info/vendor/laravel/framework/src/Illuminate/View/Engines/CompilerEngine.php(61): Illuminate\\View\\Engines\\PhpEngine->evaluatePath()
#5 /home/schallergergo/szakdolgozat.schallergergo.hu/info/vendor/facade/ignition/src/Views/Engines/CompilerEngine.php(37): Illuminate\\View\\Engines\\CompilerEngine->get()
#6 /home/schallergergo/szakdolgozat.schallergergo.hu/info/vendor/laravel/framework/src/Illuminate/View/View.php(139): Facade\\Ignition\\Views\\Engines\\CompilerEngine->get()
#7 /home/schallergergo/szakdolgozat.schallergergo.hu/info/vendor/laravel/framework/src/Illuminate/View/View.php(122): Illuminate\\View\\View->getContents()
#8 /home/schallergergo/szakdolgozat.schallergergo.hu/info/vendor/laravel/framework/src/Illuminate/View/View.php(91): Illuminate\\View\\View->renderContents()
#9 /home/schallergergo/szakdolgozat.schallergergo.hu/info/vendor/laravel/framework/src/Illuminate/Http/Response.php(62): Illuminate\\View\\View->render()
#10 /home/schallergergo/szakdolgozat.schallergergo.hu/info/vendor/laravel/framework/src/Illuminate/Http/Response.php(34): Illuminate\\Http\\Response->setContent()
#11 /home/schallergergo/szakdolgozat.schallergergo.hu/info/vendor/laravel/framework/src/Illuminate/Routing/Router.php(791): Illuminate\\Http\\Response->__construct()
#12 /home/schallergergo/szakdolgozat.schallergergo.hu/info/vendor/laravel/framework/src/Illuminate/Routing/Router.php(761): Illuminate\\Routing\\Router::toResponse()
#13 /home/schallergergo/szakdolgozat.schallergergo.hu/info/vendor/laravel/framework/src/Illuminate/Routing/Router.php(695): Illuminate\\Routing\\Router->prepareResponse()
#14 /home/schallergergo/szakdolgozat.schallergergo.hu/info/vendor/laravel/framework/src/Illuminate/Pipeline/Pipeline.php(128): Illuminate\\Routing\\Router->Illuminate\\Routing\\{closure}()
#15 /home/schallergergo/szakdolgozat.schallergergo.hu/info/vendor/laravel/framework/src/Illuminate/Routing/Middleware/SubstituteBindings.php(50): Illuminate\\Pipeline\\Pipeline->Illuminate\\Pipeline\\{closure}()
#16 /home/schallergergo/szakdolgozat.schallergergo.hu/info/vendor/laravel/framework/src/Illuminate/Pipeline/Pipeline.php(167): Illuminate\\Routing\\Middleware\\SubstituteBindings->handle()
#17 /home/schallergergo/szakdolgozat.schallergergo.hu/info/vendor/laravel/framework/src/Illuminate/Foundation/Http/Middleware/VerifyCsrfToken.php(78): Illuminate\\Pipeline\\Pipeline->Illuminate\\Pipeline\\{closure}()
#18 /home/schallergergo/szakdolgozat.schallergergo.hu/info/vendor/laravel/framework/src/Illuminate/Pipeline/Pipeline.php(167): Illuminate\\Foundation\\Http\\Middleware\\VerifyCsrfToken->handle()
#19 /home/schallergergo/szakdolgozat.schallergergo.hu/info/vendor/laravel/framework/src/Illuminate/View/Middleware/ShareErrorsFromSession.php(49): Illuminate\\Pipeline\\Pipeline->Illuminate\\Pipeline\\{closure}()
#20 /home/schallergergo/szakdolgozat.schallergergo.hu/info/vendor/laravel/framework/src/Illuminate/Pipeline/Pipeline.php(167): Illuminate\\View\\Middleware\\ShareErrorsFromSession->handle()
#21 /home/schallergergo/szakdolgozat.schallergergo.hu/info/vendor/laravel/framework/src/Illuminate/Session/Middleware/StartSession.php(121): Illuminate\\Pipeline\\Pipeline->Illuminate\\Pipeline\\{closure}()
#22 /home/schallergergo/szakdolgozat.schallergergo.hu/info/vendor/laravel/framework/src/Illuminate/Session/Middleware/StartSession.php(64): Illuminate\\Session\\Middleware\\StartSession->handleStatefulRequest()
#23 /home/schallergergo/szakdolgozat.schallergergo.hu/info/vendor/laravel/framework/src/Illuminate/Pipeline/Pipeline.php(167): Illuminate\\Session\\Middleware\\StartSession->handle()
#24 /home/schallergergo/szakdolgozat.schallergergo.hu/info/vendor/laravel/framework/src/Illuminate/Cookie/Middleware/AddQueuedCookiesToResponse.php(37): Illuminate\\Pipeline\\Pipeline->Illuminate\\Pipeline\\{closure}()
#25 /home/schallergergo/szakdolgozat.schallergergo.hu/info/vendor/laravel/framework/src/Illuminate/Pipeline/Pipeline.php(167): Illuminate\\Cookie\\Middleware\\AddQueuedCookiesToResponse->handle()
#26 /home/schallergergo/szakdolgozat.schallergergo.hu/info/vendor/laravel/framework/src/Illuminate/Cookie/Middleware/EncryptCookies.php(67): Illuminate\\Pipeline\\Pipeline->Illuminate\\Pipeline\\{closure}()
#27 /home/schallergergo/szakdolgozat.schallergergo.hu/info/vendor/laravel/framework/src/Illuminate/Pipeline/Pipeline.php(167): Illuminate\\Cookie\\Middleware\\EncryptCookies->handle()
#28 /home/schallergergo/szakdolgozat.schallergergo.hu/info/vendor/laravel/framework/src/Illuminate/Pipeline/Pipeline.php(103): Illuminate\\Pipeline\\Pipeline->Illuminate\\Pipeline\\{closure}()
#29 /home/schallergergo/szakdolgozat.schallergergo.hu/info/vendor/laravel/framework/src/Illuminate/Routing/Router.php(697): Illuminate\\Pipeline\\Pipeline->then()
#30 /home/schallergergo/szakdolgozat.schallergergo.hu/info/vendor/laravel/framework/src/Illuminate/Routing/Router.php(672): Illuminate\\Routing\\Router->runRouteWithinStack()
#31 /home/schallergergo/szakdolgozat.schallergergo.hu/info/vendor/laravel/framework/src/Illuminate/Routing/Router.php(636): Illuminate\\Routing\\Router->runRoute()
#32 /home/schallergergo/szakdolgozat.schallergergo.hu/info/vendor/laravel/framework/src/Illuminate/Routing/Router.php(625): Illuminate\\Routing\\Router->dispatchToRoute()
#33 /home/schallergergo/szakdolgozat.schallergergo.hu/info/vendor/laravel/framework/src/Illuminate/Foundation/Http/Kernel.php(166): Illuminate\\Routing\\Router->dispatch()
#34 /home/schallergergo/szakdolgozat.schallergergo.hu/info/vendor/laravel/framework/src/Illuminate/Pipeline/Pipeline.php(128): Illuminate\\Foundation\\Http\\Kernel->Illuminate\\Foundation\\Http\\{closure}()
#35 /home/schallergergo/szakdolgozat.schallergergo.hu/info/vendor/laravel/framework/src/Illuminate/Foundation/Http/Middleware/TransformsRequest.php(21): Illuminate\\Pipeline\\Pipeline->Illuminate\\Pipeline\\{closure}()
#36 /home/schallergergo/szakdolgozat.schallergergo.hu/info/vendor/laravel/framework/src/Illuminate/Pipeline/Pipeline.php(167): Illuminate\\Foundation\\Http\\Middleware\\TransformsRequest->handle()
#37 /home/schallergergo/szakdolgozat.schallergergo.hu/info/vendor/laravel/framework/src/Illuminate/Foundation/Http/Middleware/TransformsRequest.php(21): Illuminate\\Pipeline\\Pipeline->Illuminate\\Pipeline\\{closure}()
#38 /home/schallergergo/szakdolgozat.schallergergo.hu/info/vendor/laravel/framework/src/Illuminate/Pipeline/Pipeline.php(167): Illuminate\\Foundation\\Http\\Middleware\\TransformsRequest->handle()
#39 /home/schallergergo/szakdolgozat.schallergergo.hu/info/vendor/laravel/framework/src/Illuminate/Foundation/Http/Middleware/ValidatePostSize.php(27): Illuminate\\Pipeline\\Pipeline->Illuminate\\Pipeline\\{closure}()
#40 /home/schallergergo/szakdolgozat.schallergergo.hu/info/vendor/laravel/framework/src/Illuminate/Pipeline/Pipeline.php(167): Illuminate\\Foundation\\Http\\Middleware\\ValidatePostSize->handle()
#41 /home/schallergergo/szakdolgozat.schallergergo.hu/info/vendor/laravel/framework/src/Illuminate/Foundation/Http/Middleware/PreventRequestsDuringMaintenance.php(86): Illuminate\\Pipeline\\Pipeline->Illuminate\\Pipeline\\{closure}()
#42 /home/schallergergo/szakdolgozat.schallergergo.hu/info/vendor/laravel/framework/src/Illuminate/Pipeline/Pipeline.php(167): Illuminate\\Foundation\\Http\\Middleware\\PreventRequestsDuringMaintenance->handle()
#43 /home/schallergergo/szakdolgozat.schallergergo.hu/info/vendor/fruitcake/laravel-cors/src/HandleCors.php(37): Illuminate\\Pipeline\\Pipeline->Illuminate\\Pipeline\\{closure}()
#44 /home/schallergergo/szakdolgozat.schallergergo.hu/info/vendor/laravel/framework/src/Illuminate/Pipeline/Pipeline.php(167): Fruitcake\\Cors\\HandleCors->handle()
#45 /home/schallergergo/szakdolgozat.schallergergo.hu/info/vendor/fideloper/proxy/src/TrustProxies.php(57): Illuminate\\Pipeline\\Pipeline->Illuminate\\Pipeline\\{closure}()
#46 /home/schallergergo/szakdolgozat.schallergergo.hu/info/vendor/laravel/framework/src/Illuminate/Pipeline/Pipeline.php(167): Fideloper\\Proxy\\TrustProxies->handle()
#47 /home/schallergergo/szakdolgozat.schallergergo.hu/info/vendor/laravel/framework/src/Illuminate/Pipeline/Pipeline.php(103): Illuminate\\Pipeline\\Pipeline->Illuminate\\Pipeline\\{closure}()
#48 /home/schallergergo/szakdolgozat.schallergergo.hu/info/vendor/laravel/framework/src/Illuminate/Foundation/Http/Kernel.php(141): Illuminate\\Pipeline\\Pipeline->then()
#49 /home/schallergergo/szakdolgozat.schallergergo.hu/info/vendor/laravel/framework/src/Illuminate/Foundation/Http/Kernel.php(110): Illuminate\\Foundation\\Http\\Kernel->sendRequestThroughRouter()
#50 /home/schallergergo/szakdolgozat.schallergergo.hu/info/public/index.php(52): Illuminate\\Foundation\\Http\\Kernel->handle()
#51 {main}

[previous exception] [object] (ErrorException(code: 0): Undefined variable $toStart at /home/schallergergo/szakdolgozat.schallergergo.hu/info/storage/framework/views/bf1b31a43d136e65067ee849c488edfe0ca6efb9.php:14)
[stacktrace]
#0 /home/schallergergo/szakdolgozat.schallergergo.hu/info/storage/framework/views/bf1b31a43d136e65067ee849c488edfe0ca6efb9.php(14): Illuminate\\Foundation\\Bootstrap\\HandleExceptions->handleError()
#1 /home/schallergergo/szakdolgozat.schallergergo.hu/info/vendor/laravel/framework/src/Illuminate/Filesystem/Filesystem.php(107): require('/home/schallerg...')
#2 /home/schallergergo/szakdolgozat.schallergergo.hu/info/vendor/laravel/framework/src/Illuminate/Filesystem/Filesystem.php(108): Illuminate\\Filesystem\\Filesystem::Illuminate\\Filesystem\\{closure}()
#3 /home/schallergergo/szakdolgozat.schallergergo.hu/info/vendor/laravel/framework/src/Illuminate/View/Engines/PhpEngine.php(58): Illuminate\\Filesystem\\Filesystem->getRequire()
#4 /home/schallergergo/szakdolgozat.schallergergo.hu/info/vendor/laravel/framework/src/Illuminate/View/Engines/CompilerEngine.php(61): Illuminate\\View\\Engines\\PhpEngine->evaluatePath()
#5 /home/schallergergo/szakdolgozat.schallergergo.hu/info/vendor/facade/ignition/src/Views/Engines/CompilerEngine.php(37): Illuminate\\View\\Engines\\CompilerEngine->get()
#6 /home/schallergergo/szakdolgozat.schallergergo.hu/info/vendor/laravel/framework/src/Illuminate/View/View.php(139): Facade\\Ignition\\Views\\Engines\\CompilerEngine->get()
#7 /home/schallergergo/szakdolgozat.schallergergo.hu/info/vendor/laravel/framework/src/Illuminate/View/View.php(122): Illuminate\\View\\View->getContents()
#8 /home/schallergergo/szakdolgozat.schallergergo.hu/info/vendor/laravel/framework/src/Illuminate/View/View.php(91): Illuminate\\View\\View->renderContents()
#9 /home/schallergergo/szakdolgozat.schallergergo.hu/info/vendor/laravel/framework/src/Illuminate/Http/Response.php(62): Illuminate\\View\\View->render()
#10 /home/schallergergo/szakdolgozat.schallergergo.hu/info/vendor/laravel/framework/src/Illuminate/Http/Response.php(34): Illuminate\\Http\\Response->setContent()
#11 /home/schallergergo/szakdolgozat.schallergergo.hu/info/vendor/laravel/framework/src/Illuminate/Routing/Router.php(791): Illuminate\\Http\\Response->__construct()
#12 /home/schallergergo/szakdolgozat.schallergergo.hu/info/vendor/laravel/framework/src/Illuminate/Routing/Router.php(761): Illuminate\\Routing\\Router::toResponse()
#13 /home/schallergergo/szakdolgozat.schallergergo.hu/info/vendor/laravel/framework/src/Illuminate/Routing/Router.php(695): Illuminate\\Routing\\Router->prepareResponse()
#14 /home/schallergergo/szakdolgozat.schallergergo.hu/info/vendor/laravel/framework/src/Illuminate/Pipeline/Pipeline.php(128): Illuminate\\Routing\\Router->Illuminate\\Routing\\{closure}()
#15 /home/schallergergo/szakdolgozat.schallergergo.hu/info/vendor/laravel/framework/src/Illuminate/Routing/Middleware/SubstituteBindings.php(50): Illuminate\\Pipeline\\Pipeline->Illuminate\\Pipeline\\{closure}()
#16 /home/schallergergo/szakdolgozat.schallergergo.hu/info/vendor/laravel/framework/src/Illuminate/Pipeline/Pipeline.php(167): Illuminate\\Routing\\Middleware\\SubstituteBindings->handle()
#17 /home/schallergergo/szakdolgozat.schallergergo.hu/info/vendor/laravel/framework/src/Illuminate/Foundation/Http/Middleware/VerifyCsrfToken.php(78): Illuminate\\Pipeline\\Pipeline->Illuminate\\Pipeline\\{closure}()
#18 /home/schallergergo/szakdolgozat.schallergergo.hu/info/vendor/laravel/framework/src/Illuminate/Pipeline/Pipeline.php(167): Illuminate\\Foundation\\Http\\Middleware\\VerifyCsrfToken->handle()
#19 /home/schallergergo/szakdolgozat.schallergergo.hu/info/vendor/laravel/framework/src/Illuminate/View/Middleware/ShareErrorsFromSession.php(49): Illuminate\\Pipeline\\Pipeline->Illuminate\\Pipeline\\{closure}()
#20 /home/schallergergo/szakdolgozat.schallergergo.hu/info/vendor/laravel/framework/src/Illuminate/Pipeline/Pipeline.php(167): Illuminate\\View\\Middleware\\ShareErrorsFromSession->handle()
#21 /home/schallergergo/szakdolgozat.schallergergo.hu/info/vendor/laravel/framework/src/Illuminate/Session/Middleware/StartSession.php(121): Illuminate\\Pipeline\\Pipeline->Illuminate\\Pipeline\\{closure}()
#22 /home/schallergergo/szakdolgozat.schallergergo.hu/info/vendor/laravel/framework/src/Illuminate/Session/Middleware/StartSession.php(64): Illuminate\\Session\\Middleware\\StartSession->handleStatefulRequest()
#23 /home/schallergergo/szakdolgozat.schallergergo.hu/info/vendor/laravel/framework/src/Illuminate/Pipeline/Pipeline.php(167): Illuminate\\Session\\Middleware\\StartSession->handle()
#24 /home/schallergergo/szakdolgozat.schallergergo.hu/info/vendor/laravel/framework/src/Illuminate/Cookie/Middleware/AddQueuedCookiesToResponse.php(37): Illuminate\\Pipeline\\Pipeline->Illuminate\\Pipeline\\{closure}()
#25 /home/schallergergo/szakdolgozat.schallergergo.hu/info/vendor/laravel/framework/src/Illuminate/Pipeline/Pipeline.php(167): Illuminate\\Cookie\\Middleware\\AddQueuedCookiesToResponse->handle()
#26 /home/schallergergo/szakdolgozat.schallergergo.hu/info/vendor/laravel/framework/src/Illuminate/Cookie/Middleware/EncryptCookies.php(67): Illuminate\\Pipeline\\Pipeline->Illuminate\\Pipeline\\{closure}()
#27 /home/schallergergo/szakdolgozat.schallergergo.hu/info/vendor/laravel/framework/src/Illuminate/Pipeline/Pipeline.php(167): Illuminate\\Cookie\\Middleware\\EncryptCookies->handle()
#28 /home/schallergergo/szakdolgozat.schallergergo.hu/info/vendor/laravel/framework/src/Illuminate/Pipeline/Pipeline.php(103): Illuminate\\Pipeline\\Pipeline->Illuminate\\Pipeline\\{closure}()
#29 /home/schallergergo/szakdolgozat.schallergergo.hu/info/vendor/laravel/framework/src/Illuminate/Routing/Router.php(697): Illuminate\\Pipeline\\Pipeline->then()
#30 /home/schallergergo/szakdolgozat.schallergergo.hu/info/vendor/laravel/framework/src/Illuminate/Routing/Router.php(672): Illuminate\\Routing\\Router->runRouteWithinStack()
#31 /home/schallergergo/szakdolgozat.schallergergo.hu/info/vendor/laravel/framework/src/Illuminate/Routing/Router.php(636): Illuminate\\Routing\\Router->runRoute()
#32 /home/schallergergo/szakdolgozat.schallergergo.hu/info/vendor/laravel/framework/src/Illuminate/Routing/Router.php(625): Illuminate\\Routing\\Router->dispatchToRoute()
#33 /home/schallergergo/szakdolgozat.schallergergo.hu/info/vendor/laravel/framework/src/Illuminate/Foundation/Http/Kernel.php(166): Illuminate\\Routing\\Router->dispatch()
#34 /home/schallergergo/szakdolgozat.schallergergo.hu/info/vendor/laravel/framework/src/Illuminate/Pipeline/Pipeline.php(128): Illuminate\\Foundation\\Http\\Kernel->Illuminate\\Foundation\\Http\\{closure}()
#35 /home/schallergergo/szakdolgozat.schallergergo.hu/info/vendor/laravel/framework/src/Illuminate/Foundation/Http/Middleware/TransformsRequest.php(21): Illuminate\\Pipeline\\Pipeline->Illuminate\\Pipeline\\{closure}()
#36 /home/schallergergo/szakdolgozat.schallergergo.hu/info/vendor/laravel/framework/src/Illuminate/Pipeline/Pipeline.php(167): Illuminate\\Foundation\\Http\\Middleware\\TransformsRequest->handle()
#37 /home/schallergergo/szakdolgozat.schallergergo.hu/info/vendor/laravel/framework/src/Illuminate/Foundation/Http/Middleware/TransformsRequest.php(21): Illuminate\\Pipeline\\Pipeline->Illuminate\\Pipeline\\{closure}()
#38 /home/schallergergo/szakdolgozat.schallergergo.hu/info/vendor/laravel/framework/src/Illuminate/Pipeline/Pipeline.php(167): Illuminate\\Foundation\\Http\\Middleware\\TransformsRequest->handle()
#39 /home/schallergergo/szakdolgozat.schallergergo.hu/info/vendor/laravel/framework/src/Illuminate/Foundation/Http/Middleware/ValidatePostSize.php(27): Illuminate\\Pipeline\\Pipeline->Illuminate\\Pipeline\\{closure}()
#40 /home/schallergergo/szakdolgozat.schallergergo.hu/info/vendor/laravel/framework/src/Illuminate/Pipeline/Pipeline.php(167): Illuminate\\Foundation\\Http\\Middleware\\ValidatePostSize->handle()
#41 /home/schallergergo/szakdolgozat.schallergergo.hu/info/vendor/laravel/framework/src/Illuminate/Foundation/Http/Middleware/PreventRequestsDuringMaintenance.php(86): Illuminate\\Pipeline\\Pipeline->Illuminate\\Pipeline\\{closure}()
#42 /home/schallergergo/szakdolgozat.schallergergo.hu/info/vendor/laravel/framework/src/Illuminate/Pipeline/Pipeline.php(167): Illuminate\\Foundation\\Http\\Middleware\\PreventRequestsDuringMaintenance->handle()
#43 /home/schallergergo/szakdolgozat.schallergergo.hu/info/vendor/fruitcake/laravel-cors/src/HandleCors.php(37): Illuminate\\Pipeline\\Pipeline->Illuminate\\Pipeline\\{closure}()
#44 /home/schallergergo/szakdolgozat.schallergergo.hu/info/vendor/laravel/framework/src/Illuminate/Pipeline/Pipeline.php(167): Fruitcake\\Cors\\HandleCors->handle()
#45 /home/schallergergo/szakdolgozat.schallergergo.hu/info/vendor/fideloper/proxy/src/TrustProxies.php(57): Illuminate\\Pipeline\\Pipeline->Illuminate\\Pipeline\\{closure}()
#46 /home/schallergergo/szakdolgozat.schallergergo.hu/info/vendor/laravel/framework/src/Illuminate/Pipeline/Pipeline.php(167): Fideloper\\Proxy\\TrustProxies->handle()
#47 /home/schallergergo/szakdolgozat.schallergergo.hu/info/vendor/laravel/framework/src/Illuminate/Pipeline/Pipeline.php(103): Illuminate\\Pipeline\\Pipeline->Illuminate\\Pipeline\\{closure}()
#48 /home/schallergergo/szakdolgozat.schallergergo.hu/info/vendor/laravel/framework/src/Illuminate/Foundation/Http/Kernel.php(141): Illuminate\\Pipeline\\Pipeline->then()
#49 /home/schallergergo/szakdolgozat.schallergergo.hu/info/vendor/laravel/framework/src/Illuminate/Foundation/Http/Kernel.php(110): Illuminate\\Foundation\\Http\\Kernel->sendRequestThroughRouter()
#50 /home/schallergergo/szakdolgozat.schallergergo.hu/info/public/index.php(52): Illuminate\\Foundation\\Http\\Kernel->handle()
#51 {main}
"} 
[2021-04-11 10:26:52] production.ERROR: asort(): Argument #2 ($flags) must be of type int, string given {"userId":2,"exception":"[object] (TypeError(code: 0): asort(): Argument #2 ($flags) must be of type int, string given at /home/schallergergo/szakdolgozat.schallergergo.hu/info/vendor/laravel/framework/src/Illuminate/Collections/Collection.php:1145)
[stacktrace]
#0 /home/schallergergo/szakdolgozat.schallergergo.hu/info/vendor/laravel/framework/src/Illuminate/Collections/Collection.php(1145): asort()
#1 /home/schallergergo/szakdolgozat.schallergergo.hu/info/app/Http/Controllers/EventController.php(10): Illuminate\\Support\\Collection->sortBy()
#2 /home/schallergergo/szakdolgozat.schallergergo.hu/info/vendor/laravel/framework/src/Illuminate/Routing/Controller.php(54): App\\Http\\Controllers\\EventController->show()
#3 /home/schallergergo/szakdolgozat.schallergergo.hu/info/vendor/laravel/framework/src/Illuminate/Routing/ControllerDispatcher.php(45): Illuminate\\Routing\\Controller->callAction()
#4 /home/schallergergo/szakdolgozat.schallergergo.hu/info/vendor/laravel/framework/src/Illuminate/Routing/Route.php(254): Illuminate\\Routing\\ControllerDispatcher->dispatch()
#5 /home/schallergergo/szakdolgozat.schallergergo.hu/info/vendor/laravel/framework/src/Illuminate/Routing/Route.php(197): Illuminate\\Routing\\Route->runController()
#6 /home/schallergergo/szakdolgozat.schallergergo.hu/info/vendor/laravel/framework/src/Illuminate/Routing/Router.php(695): Illuminate\\Routing\\Route->run()
#7 /home/schallergergo/szakdolgozat.schallergergo.hu/info/vendor/laravel/framework/src/Illuminate/Pipeline/Pipeline.php(128): Illuminate\\Routing\\Router->Illuminate\\Routing\\{closure}()
#8 /home/schallergergo/szakdolgozat.schallergergo.hu/info/vendor/laravel/framework/src/Illuminate/Routing/Middleware/SubstituteBindings.php(50): Illuminate\\Pipeline\\Pipeline->Illuminate\\Pipeline\\{closure}()
#9 /home/schallergergo/szakdolgozat.schallergergo.hu/info/vendor/laravel/framework/src/Illuminate/Pipeline/Pipeline.php(167): Illuminate\\Routing\\Middleware\\SubstituteBindings->handle()
#10 /home/schallergergo/szakdolgozat.schallergergo.hu/info/vendor/laravel/framework/src/Illuminate/Foundation/Http/Middleware/VerifyCsrfToken.php(78): Illuminate\\Pipeline\\Pipeline->Illuminate\\Pipeline\\{closure}()
#11 /home/schallergergo/szakdolgozat.schallergergo.hu/info/vendor/laravel/framework/src/Illuminate/Pipeline/Pipeline.php(167): Illuminate\\Foundation\\Http\\Middleware\\VerifyCsrfToken->handle()
#12 /home/schallergergo/szakdolgozat.schallergergo.hu/info/vendor/laravel/framework/src/Illuminate/View/Middleware/ShareErrorsFromSession.php(49): Illuminate\\Pipeline\\Pipeline->Illuminate\\Pipeline\\{closure}()
#13 /home/schallergergo/szakdolgozat.schallergergo.hu/info/vendor/laravel/framework/src/Illuminate/Pipeline/Pipeline.php(167): Illuminate\\View\\Middleware\\ShareErrorsFromSession->handle()
#14 /home/schallergergo/szakdolgozat.schallergergo.hu/info/vendor/laravel/framework/src/Illuminate/Session/Middleware/StartSession.php(121): Illuminate\\Pipeline\\Pipeline->Illuminate\\Pipeline\\{closure}()
#15 /home/schallergergo/szakdolgozat.schallergergo.hu/info/vendor/laravel/framework/src/Illuminate/Session/Middleware/StartSession.php(64): Illuminate\\Session\\Middleware\\StartSession->handleStatefulRequest()
#16 /home/schallergergo/szakdolgozat.schallergergo.hu/info/vendor/laravel/framework/src/Illuminate/Pipeline/Pipeline.php(167): Illuminate\\Session\\Middleware\\StartSession->handle()
#17 /home/schallergergo/szakdolgozat.schallergergo.hu/info/vendor/laravel/framework/src/Illuminate/Cookie/Middleware/AddQueuedCookiesToResponse.php(37): Illuminate\\Pipeline\\Pipeline->Illuminate\\Pipeline\\{closure}()
#18 /home/schallergergo/szakdolgozat.schallergergo.hu/info/vendor/laravel/framework/src/Illuminate/Pipeline/Pipeline.php(167): Illuminate\\Cookie\\Middleware\\AddQueuedCookiesToResponse->handle()
#19 /home/schallergergo/szakdolgozat.schallergergo.hu/info/vendor/laravel/framework/src/Illuminate/Cookie/Middleware/EncryptCookies.php(67): Illuminate\\Pipeline\\Pipeline->Illuminate\\Pipeline\\{closure}()
#20 /home/schallergergo/szakdolgozat.schallergergo.hu/info/vendor/laravel/framework/src/Illuminate/Pipeline/Pipeline.php(167): Illuminate\\Cookie\\Middleware\\EncryptCookies->handle()
#21 /home/schallergergo/szakdolgozat.schallergergo.hu/info/vendor/laravel/framework/src/Illuminate/Pipeline/Pipeline.php(103): Illuminate\\Pipeline\\Pipeline->Illuminate\\Pipeline\\{closure}()
#22 /home/schallergergo/szakdolgozat.schallergergo.hu/info/vendor/laravel/framework/src/Illuminate/Routing/Router.php(697): Illuminate\\Pipeline\\Pipeline->then()
#23 /home/schallergergo/szakdolgozat.schallergergo.hu/info/vendor/laravel/framework/src/Illuminate/Routing/Router.php(672): Illuminate\\Routing\\Router->runRouteWithinStack()
#24 /home/schallergergo/szakdolgozat.schallergergo.hu/info/vendor/laravel/framework/src/Illuminate/Routing/Router.php(636): Illuminate\\Routing\\Router->runRoute()
#25 /home/schallergergo/szakdolgozat.schallergergo.hu/info/vendor/laravel/framework/src/Illuminate/Routing/Router.php(625): Illuminate\\Routing\\Router->dispatchToRoute()
#26 /home/schallergergo/szakdolgozat.schallergergo.hu/info/vendor/laravel/framework/src/Illuminate/Foundation/Http/Kernel.php(166): Illuminate\\Routing\\Router->dispatch()
#27 /home/schallergergo/szakdolgozat.schallergergo.hu/info/vendor/laravel/framework/src/Illuminate/Pipeline/Pipeline.php(128): Illuminate\\Foundation\\Http\\Kernel->Illuminate\\Foundation\\Http\\{closure}()
#28 /home/schallergergo/szakdolgozat.schallergergo.hu/info/vendor/laravel/framework/src/Illuminate/Foundation/Http/Middleware/TransformsRequest.php(21): Illuminate\\Pipeline\\Pipeline->Illuminate\\Pipeline\\{closure}()
#29 /home/schallergergo/szakdolgozat.schallergergo.hu/info/vendor/laravel/framework/src/Illuminate/Pipeline/Pipeline.php(167): Illuminate\\Foundation\\Http\\Middleware\\TransformsRequest->handle()
#30 /home/schallergergo/szakdolgozat.schallergergo.hu/info/vendor/laravel/framework/src/Illuminate/Foundation/Http/Middleware/TransformsRequest.php(21): Illuminate\\Pipeline\\Pipeline->Illuminate\\Pipeline\\{closure}()
#31 /home/schallergergo/szakdolgozat.schallergergo.hu/info/vendor/laravel/framework/src/Illuminate/Pipeline/Pipeline.php(167): Illuminate\\Foundation\\Http\\Middleware\\TransformsRequest->handle()
#32 /home/schallergergo/szakdolgozat.schallergergo.hu/info/vendor/laravel/framework/src/Illuminate/Foundation/Http/Middleware/ValidatePostSize.php(27): Illuminate\\Pipeline\\Pipeline->Illuminate\\Pipeline\\{closure}()
#33 /home/schallergergo/szakdolgozat.schallergergo.hu/info/vendor/laravel/framework/src/Illuminate/Pipeline/Pipeline.php(167): Illuminate\\Foundation\\Http\\Middleware\\ValidatePostSize->handle()
#34 /home/schallergergo/szakdolgozat.schallergergo.hu/info/vendor/laravel/framework/src/Illuminate/Foundation/Http/Middleware/PreventRequestsDuringMaintenance.php(86): Illuminate\\Pipeline\\Pipeline->Illuminate\\Pipeline\\{closure}()
#35 /home/schallergergo/szakdolgozat.schallergergo.hu/info/vendor/laravel/framework/src/Illuminate/Pipeline/Pipeline.php(167): Illuminate\\Foundation\\Http\\Middleware\\PreventRequestsDuringMaintenance->handle()
#36 /home/schallergergo/szakdolgozat.schallergergo.hu/info/vendor/fruitcake/laravel-cors/src/HandleCors.php(37): Illuminate\\Pipeline\\Pipeline->Illuminate\\Pipeline\\{closure}()
#37 /home/schallergergo/szakdolgozat.schallergergo.hu/info/vendor/laravel/framework/src/Illuminate/Pipeline/Pipeline.php(167): Fruitcake\\Cors\\HandleCors->handle()
#38 /home/schallergergo/szakdolgozat.schallergergo.hu/info/vendor/fideloper/proxy/src/TrustProxies.php(57): Illuminate\\Pipeline\\Pipeline->Illuminate\\Pipeline\\{closure}()
#39 /home/schallergergo/szakdolgozat.schallergergo.hu/info/vendor/laravel/framework/src/Illuminate/Pipeline/Pipeline.php(167): Fideloper\\Proxy\\TrustProxies->handle()
#40 /home/schallergergo/szakdolgozat.schallergergo.hu/info/vendor/laravel/framework/src/Illuminate/Pipeline/Pipeline.php(103): Illuminate\\Pipeline\\Pipeline->Illuminate\\Pipeline\\{closure}()
#41 /home/schallergergo/szakdolgozat.schallergergo.hu/info/vendor/laravel/framework/src/Illuminate/Foundation/Http/Kernel.php(141): Illuminate\\Pipeline\\Pipeline->then()
#42 /home/schallergergo/szakdolgozat.schallergergo.hu/info/vendor/laravel/framework/src/Illuminate/Foundation/Http/Kernel.php(110): Illuminate\\Foundation\\Http\\Kernel->sendRequestThroughRouter()
#43 /home/schallergergo/szakdolgozat.schallergergo.hu/info/public/index.php(52): Illuminate\\Foundation\\Http\\Kernel->handle()
#44 {main}
"} 
